0	14:04:40.814	Custom indicator hightlightSections XAUUSD,Daily: loaded successfully
0	14:04:40.832	Custom indicator hightlightSections XAUUSD,Daily: loaded successfully
0	14:04:40.878	hightlightSections XAUUSD,Daily: initialized
0	14:04:40.900	hightlightSections XAUUSD,Daily: initialized
0	14:08:03.635	Custom indicator Examples\SimplePanel\SimplePanel XAUUSD,Daily: loaded successfully
0	14:08:05.435	SimplePanel XAUUSD,Daily: initialized
3	14:08:05.435	SimplePanel XAUUSD,Daily: indicator on custom buffer is not supported yet
0	14:09:32.893	Custom indicator Accelerator XAUUSD,Daily: loaded successfully
0	14:09:33.859	Accelerator XAUUSD,Daily: initialized
0	14:09:43.867	Custom indicator CCI XAUUSD,Daily: loaded successfully
0	14:09:45.514	CCI XAUUSD,Daily: initialized
0	14:09:58.940	Custom indicator Heiken Ashi XAUUSD,Daily: loaded successfully
0	14:10:00.277	Heiken Ashi XAUUSD,Daily: initialized
0	14:10:04.805	SimplePanel XAUUSD,Daily: uninit reason 1
0	14:10:04.808	Custom indicator SimplePanel XAUUSD,Daily: removed
0	14:10:22.018	Accelerator XAUUSD,Daily: uninit reason 1
0	14:10:22.022	Custom indicator Accelerator XAUUSD,Daily: removed
0	14:10:24.514	CCI XAUUSD,Daily: uninit reason 1
0	14:10:24.518	Custom indicator CCI XAUUSD,Daily: removed
0	14:10:35.810	hightlightSections XAUUSD,Daily: uninit reason 1
0	14:10:35.814	Custom indicator hightlightSections XAUUSD,Daily: removed
0	14:10:53.713	hightlightSections XAUUSD,Daily: uninit reason 1
0	14:10:53.717	Custom indicator hightlightSections XAUUSD,Daily: removed
0	14:11:35.243	Heiken Ashi XAUUSD,Daily: uninit reason 3
0	14:11:35.325	Heiken Ashi XAUUSD,H1: initialized
0	14:12:33.594	Heiken Ashi XAUUSD,H1: uninit reason 3
0	14:12:33.699	Heiken Ashi XAUUSD,M5: initialized
0	14:13:09.106	Heiken Ashi XAUUSD,M5: uninit reason 3
0	14:13:09.264	Heiken Ashi XAUUSD,M1: initialized
0	14:13:34.865	Heiken Ashi XAUUSD,M1: uninit reason 3
0	14:13:34.869	Heiken Ashi XAUUSD,M5: initialized
0	14:13:51.026	Heiken Ashi XAUUSD,M5: uninit reason 3
0	14:13:51.030	Heiken Ashi XAUUSD,M1: initialized
0	14:14:10.088	Heiken Ashi XAUUSD,M1: uninit reason 1
0	14:14:10.092	Custom indicator Heiken Ashi XAUUSD,M1: removed
0	14:17:08.264	Custom indicator Accelerator XAUUSD,M1: loaded successfully
0	14:17:09.331	Accelerator XAUUSD,M1: initialized
0	14:17:12.300	Custom indicator Accumulation XAUUSD,M1: loaded successfully
0	14:17:14.995	Custom indicator Accumulation XAUUSD,M1: removed
0	14:17:23.431	Custom indicator Bands XAUUSD,M1: loaded successfully
0	14:17:29.089	Custom indicator Bands XAUUSD,M1: removed
0	14:17:52.831	Custom indicator Custom Moving Averages XAUUSD,M1: loaded successfully
0	14:17:53.757	Custom Moving Averages XAUUSD,M1: initialized
0	14:18:04.239	Custom Moving Averages XAUUSD,M1: uninit reason 3
0	14:18:04.239	Accelerator XAUUSD,M1: uninit reason 3
0	14:18:04.239	Custom Moving Averages USDCHF,M1: initialized
0	14:18:04.239	Accelerator USDCHF,M1: initialized
0	14:18:45.428	Custom Moving Averages USDCHF,M1: uninit reason 4
0	14:18:45.428	Accelerator USDCHF,M1: uninit reason 4
0	14:18:45.434	Custom indicator Custom Moving Averages USDCHF,M1: removed
0	14:18:45.440	Custom indicator Accelerator USDCHF,M1: removed
0	14:19:22.975	Expert MACD Sample XAUUSD,H1: loaded successfully
0	14:19:23.830	MACD Sample XAUUSD,H1 inputs: TakeProfit=50.0; Lots=0.1; TrailingStop=30.0; MACDOpenLevel=3.0; MACDCloseLevel=2.0; MATrendPeriod=26; 
0	14:19:23.861	MACD Sample XAUUSD,H1: initialized
0	14:19:27.356	MACD Sample XAUUSD,H1: uninit reason 1
0	14:19:27.370	Expert MACD Sample XAUUSD,H1: removed
0	14:19:27.395	Expert Moving Average XAUUSD,H1: loaded successfully
0	14:19:28.592	Moving Average XAUUSD,H1 inputs: Lots=0.1; MaximumRisk=0.02; DecreaseFactor=3.0; MovingPeriod=12; MovingShift=6; 
0	14:19:28.628	Moving Average XAUUSD,H1: initialized
0	14:19:33.308	Moving Average XAUUSD,H1: uninit reason 1
0	14:19:33.312	Expert Moving Average XAUUSD,H1: removed
0	14:19:33.333	Expert widget XAUUSD,H1: loaded successfully
0	14:19:33.880	Expert widget XAUUSD,H1: removed
0	14:20:08.328	Script Examples\DLL\DLLSampleTester XAUUSD,H1: loaded successfully
3	14:20:08.350	Cannot load 'DLLSample.dll' [126]
1	14:20:08.350	Cannot call 'DLLSample.dll::GetIntValue', 'DLLSample.dll' is not loaded
1	14:20:08.350	DLLSampleTester XAUUSD,H1: unresolved import function call
3	14:20:08.351	DLLSampleTester XAUUSD,H1: not initialized
0	14:20:08.351	DLLSampleTester XAUUSD,H1: uninit reason 8
0	14:20:08.354	Script DLLSampleTester XAUUSD,H1: removed
0	14:37:13.052	Expert Controls\Controls USDCHF,H1: loaded successfully
0	14:37:14.742	Controls USDCHF,H1: initialized
2	14:38:15.710	Controls USDCHF,H1: ExpertRemove function called
0	14:38:15.711	Controls USDCHF,H1: uninit reason 0
0	14:38:15.739	Expert Controls USDCHF,H1: removed
0	14:46:33.230	Custom indicator hightlightSections XAUUSD,H1: loaded successfully
0	14:46:36.752	hightlightSections XAUUSD,H1: initialized
0	15:22:03.386	Custom indicator Examples\SimplePanel\SimplePanel XAUUSD,H1: loaded successfully
0	15:22:04.825	SimplePanel XAUUSD,H1: initialized
3	15:22:04.825	SimplePanel XAUUSD,H1: indicator on custom buffer is not supported yet
